[0724/035855.148:ERROR:os_crypt_win.cc(93)] Failed to decrypt: 키를 지정된 상태에서 사용하기에 부적합합니다. (0x8009000B)
[0724/035855.677:ERROR:backend_impl.cc(1041)] Critical error found -8
[0724/035855.678:ERROR:entry_impl.cc(1075)] No file for c1030a16
[0724/035855.678:WARNING:storage_block-inl.h(146)] Failed data load.
[0724/035855.678:WARNING:storage_block-inl.h(146)] Failed data load.
[0724/035855.678:WARNING:storage_block-inl.h(146)] Failed data load.
[0724/035855.678:WARNING:storage_block-inl.h(146)] Failed data load.
[0724/035855.678:ERROR:entry_impl.cc(1075)] No file for c1030a10
[0724/035855.678:WARNING:storage_block-inl.h(146)] Failed data load.
[0724/035855.678:WARNING:storage_block-inl.h(146)] Failed data load.
[0724/035855.678:WARNING:storage_block-inl.h(146)] Failed data load.
[0724/035855.678:WARNING:storage_block-inl.h(146)] Failed data load.
[0724/035855.678:ERROR:entry_impl.cc(1075)] No file for c1030a12
[0724/035855.678:WARNING:storage_block-inl.h(146)] Failed data load.
[0724/035855.678:WARNING:storage_block-inl.h(146)] Failed data load.
[0724/035855.678:WARNING:storage_block-inl.h(146)] Failed data load.
[0724/035855.678:WARNING:storage_block-inl.h(146)] Failed data load.
[0724/035855.678:ERROR:entry_impl.cc(1075)] No file for c1030a1c
[0724/035855.678:WARNING:storage_block-inl.h(146)] Failed data load.
[0724/035855.678:WARNING:storage_block-inl.h(146)] Failed data load.
[0724/035855.678:WARNING:storage_block-inl.h(146)] Failed data load.
[0724/035855.678:WARNING:storage_block-inl.h(146)] Failed data load.
[0724/035855.678:ERROR:entry_impl.cc(1075)] No file for c1030a1e
[0724/035855.678:WARNING:storage_block-inl.h(146)] Failed data load.
[0724/035855.679:WARNING:storage_block-inl.h(146)] Failed data load.
[0724/035855.679:WARNING:storage_block-inl.h(146)] Failed data load.
[0724/035855.679:WARNING:storage_block-inl.h(146)] Failed data load.
[0724/035855.680:WARNING:storage_block-inl.h(146)] Failed data load.
[0724/040055.431:ERROR:gpu_init.cc(426)] Passthrough is not supported, GL is disabled
